{"C:\\Brayan\\Escritorio\\Proyecto_Mantenimiento\\smartlocker-qr\\src\\db.js": {"path":"C:\\Brayan\\Escritorio\\Proyecto_Mantenimiento\\smartlocker-qr\\src\\db.js","statementMap":{"0":{"start":{"line":2,"column":16},"end":{"line":2,"column":44}},"1":{"start":{"line":3,"column":13},"end":{"line":3,"column":28}},"2":{"start":{"line":5,"column":15},"end":{"line":5,"column":57}},"3":{"start":{"line":6,"column":11},"end":{"line":12,"column":2}},"4":{"start":{"line":7,"column":2},"end":{"line":11,"column":3}},"5":{"start":{"line":8,"column":4},"end":{"line":8,"column":64}},"6":{"start":{"line":10,"column":4},"end":{"line":10,"column":59}},"7":{"start":{"line":14,"column":0},"end":{"line":58,"column":3}},"8":{"start":{"line":16,"column":0},"end":{"line":23,"column":4}},"9":{"start":{"line":25,"column":2},"end":{"line":31,"column":6}},"10":{"start":{"line":33,"column":2},"end":{"line":39,"column":6}},"11":{"start":{"line":41,"column":2},"end":{"line":47,"column":6}},"12":{"start":{"line":48,"column":2},"end":{"line":56,"column":3}},"13":{"start":{"line":60,"column":0},"end":{"line":60,"column":20}}},"fnMap":{"0":{"name":"(anonymous_0)","decl":{"start":{"line":6,"column":40},"end":{"line":6,"column":41}},"loc":{"start":{"line":6,"column":49},"end":{"line":12,"column":1}},"line":6},"1":{"name":"(anonymous_1)","decl":{"start":{"line":14,"column":13},"end":{"line":14,"column":14}},"loc":{"start":{"line":14,"column":19},"end":{"line":58,"column":1}},"line":14}},"branchMap":{"0":{"loc":{"start":{"line":7,"column":2},"end":{"line":11,"column":3}},"type":"if","locations":[{"start":{"line":7,"column":2},"end":{"line":11,"column":3}},{"start":{"line":9,"column":9},"end":{"line":11,"column":3}}],"line":7}},"s":{"0":0,"1":0,"2":0,"3":0,"4":0,"5":0,"6":0,"7":0,"8":0,"9":0,"10":0,"11":0,"12":0,"13":0},"f":{"0":0,"1":0},"b":{"0":[0,0]}}
,"C:\\Brayan\\Escritorio\\Proyecto_Mantenimiento\\smartlocker-qr\\src\\models\\userModel.js": {"path":"C:\\Brayan\\Escritorio\\Proyecto_Mantenimiento\\smartlocker-qr\\src\\models\\userModel.js","statementMap":{"0":{"start":{"line":2,"column":11},"end":{"line":2,"column":27}},"1":{"start":{"line":4,"column":0},"end":{"line":20,"column":2}},"2":{"start":{"line":6,"column":16},"end":{"line":6,"column":76}},"3":{"start":{"line":7,"column":4},"end":{"line":10,"column":7}},"4":{"start":{"line":8,"column":6},"end":{"line":8,"column":30}},"5":{"start":{"line":8,"column":15},"end":{"line":8,"column":30}},"6":{"start":{"line":9,"column":6},"end":{"line":9,"column":94}},"7":{"start":{"line":14,"column":4},"end":{"line":14,"column":63}},"8":{"start":{"line":18,"column":4},"end":{"line":18,"column":83}}},"fnMap":{"0":{"name":"(anonymous_0)","decl":{"start":{"line":5,"column":2},"end":{"line":5,"column":3}},"loc":{"start":{"line":5,"column":44},"end":{"line":11,"column":3}},"line":5},"1":{"name":"(anonymous_1)","decl":{"start":{"line":7,"column":41},"end":{"line":7,"column":42}},"loc":{"start":{"line":7,"column":55},"end":{"line":10,"column":5}},"line":7},"2":{"name":"(anonymous_2)","decl":{"start":{"line":13,"column":2},"end":{"line":13,"column":3}},"loc":{"start":{"line":13,"column":25},"end":{"line":15,"column":3}},"line":13},"3":{"name":"(anonymous_3)","decl":{"start":{"line":17,"column":2},"end":{"line":17,"column":3}},"loc":{"start":{"line":17,"column":19},"end":{"line":19,"column":3}},"line":17}},"branchMap":{"0":{"loc":{"start":{"line":8,"column":6},"end":{"line":8,"column":30}},"type":"if","locations":[{"start":{"line":8,"column":6},"end":{"line":8,"column":30}},{"start":{},"end":{}}],"line":8}},"s":{"0":2,"1":2,"2":11,"3":11,"4":11,"5":1,"6":10,"7":15,"8":3},"f":{"0":11,"1":11,"2":15,"3":3},"b":{"0":[1,10]},"_coverageSchema":"1a1c01bbd47fc00a2c39e90264f33305004495a9","hash":"b0098eaf171b5529faae12158d06fe5b8b9a4d1b"}
,"C:\\Brayan\\Escritorio\\Proyecto_Mantenimiento\\smartlocker-qr\\src\\routes\\auth.js": {"path":"C:\\Brayan\\Escritorio\\Proyecto_Mantenimiento\\smartlocker-qr\\src\\routes\\auth.js","statementMap":{"0":{"start":{"line":2,"column":16},"end":{"line":2,"column":34}},"1":{"start":{"line":3,"column":15},"end":{"line":3,"column":31}},"2":{"start":{"line":4,"column":15},"end":{"line":4,"column":32}},"3":{"start":{"line":5,"column":15},"end":{"line":5,"column":32}},"4":{"start":{"line":6,"column":18},"end":{"line":6,"column":48}},"5":{"start":{"line":7,"column":11},"end":{"line":7,"column":27}},"6":{"start":{"line":8,"column":24},"end":{"line":8,"column":41}},"7":{"start":{"line":9,"column":22},"end":{"line":9,"column":40}},"8":{"start":{"line":11,"column":20},"end":{"line":11,"column":22}},"9":{"start":{"line":14,"column":0},"end":{"line":55,"column":3}},"10":{"start":{"line":15,"column":36},"end":{"line":15,"column":44}},"11":{"start":{"line":16,"column":2},"end":{"line":16,"column":98}},"12":{"start":{"line":16,"column":36},"end":{"line":16,"column":98}},"13":{"start":{"line":18,"column":2},"end":{"line":54,"column":5}},"14":{"start":{"line":19,"column":4},"end":{"line":19,"column":64}},"15":{"start":{"line":19,"column":13},"end":{"line":19,"column":64}},"16":{"start":{"line":20,"column":4},"end":{"line":20,"column":74}},"17":{"start":{"line":20,"column":14},"end":{"line":20,"column":74}},"18":{"start":{"line":22,"column":4},"end":{"line":53,"column":7}},"19":{"start":{"line":23,"column":6},"end":{"line":23,"column":68}},"20":{"start":{"line":23,"column":15},"end":{"line":23,"column":68}},"21":{"start":{"line":25,"column":6},"end":{"line":52,"column":9}},"22":{"start":{"line":26,"column":8},"end":{"line":26,"column":84}},"23":{"start":{"line":26,"column":17},"end":{"line":26,"column":84}},"24":{"start":{"line":29,"column":22},"end":{"line":29,"column":53}},"25":{"start":{"line":30,"column":24},"end":{"line":30,"column":69}},"26":{"start":{"line":31,"column":19},"end":{"line":31,"column":81}},"27":{"start":{"line":34,"column":8},"end":{"line":36,"column":11}},"28":{"start":{"line":35,"column":10},"end":{"line":35,"column":63}},"29":{"start":{"line":35,"column":19},"end":{"line":35,"column":63}},"30":{"start":{"line":39,"column":2},"end":{"line":49,"column":2}},"31":{"start":{"line":51,"column":8},"end":{"line":51,"column":82}},"32":{"start":{"line":58,"column":0},"end":{"line":86,"column":3}},"33":{"start":{"line":59,"column":30},"end":{"line":59,"column":38}},"34":{"start":{"line":60,"column":2},"end":{"line":60,"column":89}},"35":{"start":{"line":60,"column":27},"end":{"line":60,"column":89}},"36":{"start":{"line":62,"column":2},"end":{"line":85,"column":5}},"37":{"start":{"line":63,"column":4},"end":{"line":63,"column":64}},"38":{"start":{"line":63,"column":13},"end":{"line":63,"column":64}},"39":{"start":{"line":64,"column":4},"end":{"line":64,"column":80}},"40":{"start":{"line":64,"column":15},"end":{"line":64,"column":80}},"41":{"start":{"line":66,"column":4},"end":{"line":84,"column":7}},"42":{"start":{"line":67,"column":6},"end":{"line":67,"column":63}},"43":{"start":{"line":67,"column":15},"end":{"line":67,"column":63}},"44":{"start":{"line":68,"column":6},"end":{"line":68,"column":80}},"45":{"start":{"line":68,"column":15},"end":{"line":68,"column":80}},"46":{"start":{"line":70,"column":20},"end":{"line":70,"column":51}},"47":{"start":{"line":71,"column":24},"end":{"line":71,"column":80}},"48":{"start":{"line":73,"column":6},"end":{"line":83,"column":9}},"49":{"start":{"line":74,"column":8},"end":{"line":74,"column":83}},"50":{"start":{"line":74,"column":17},"end":{"line":74,"column":83}},"51":{"start":{"line":76,"column":24},"end":{"line":76,"column":66}},"52":{"start":{"line":78,"column":8},"end":{"line":82,"column":11}},"53":{"start":{"line":79,"column":10},"end":{"line":79,"column":80}},"54":{"start":{"line":79,"column":19},"end":{"line":79,"column":80}},"55":{"start":{"line":81,"column":10},"end":{"line":81,"column":105}},"56":{"start":{"line":89,"column":0},"end":{"line":145,"column":3}},"57":{"start":{"line":90,"column":28},"end":{"line":90,"column":36}},"58":{"start":{"line":91,"column":2},"end":{"line":91,"column":91}},"59":{"start":{"line":91,"column":25},"end":{"line":91,"column":91}},"60":{"start":{"line":93,"column":2},"end":{"line":144,"column":5}},"61":{"start":{"line":94,"column":4},"end":{"line":94,"column":75}},"62":{"start":{"line":94,"column":13},"end":{"line":94,"column":75}},"63":{"start":{"line":95,"column":4},"end":{"line":95,"column":83}},"64":{"start":{"line":95,"column":14},"end":{"line":95,"column":83}},"65":{"start":{"line":97,"column":4},"end":{"line":100,"column":5}},"66":{"start":{"line":98,"column":18},"end":{"line":98,"column":42}},"67":{"start":{"line":99,"column":6},"end":{"line":99,"column":97}},"68":{"start":{"line":99,"column":28},"end":{"line":99,"column":97}},"69":{"start":{"line":102,"column":4},"end":{"line":143,"column":7}},"70":{"start":{"line":103,"column":6},"end":{"line":103,"column":77}},"71":{"start":{"line":103,"column":15},"end":{"line":103,"column":77}},"72":{"start":{"line":104,"column":6},"end":{"line":110,"column":7}},"73":{"start":{"line":105,"column":8},"end":{"line":108,"column":10}},"74":{"start":{"line":107,"column":21},"end":{"line":107,"column":73}},"75":{"start":{"line":107,"column":30},"end":{"line":107,"column":73}},"76":{"start":{"line":109,"column":8},"end":{"line":109,"column":84}},"77":{"start":{"line":112,"column":6},"end":{"line":142,"column":9}},"78":{"start":{"line":113,"column":8},"end":{"line":113,"column":79}},"79":{"start":{"line":113,"column":17},"end":{"line":113,"column":79}},"80":{"start":{"line":114,"column":8},"end":{"line":117,"column":10}},"81":{"start":{"line":116,"column":21},"end":{"line":116,"column":67}},"82":{"start":{"line":116,"column":30},"end":{"line":116,"column":67}},"83":{"start":{"line":121,"column":8},"end":{"line":123,"column":10}},"84":{"start":{"line":126,"column":8},"end":{"line":134,"column":10}},"85":{"start":{"line":137,"column":8},"end":{"line":139,"column":17}},"86":{"start":{"line":138,"column":10},"end":{"line":138,"column":88}},"87":{"start":{"line":141,"column":8},"end":{"line":141,"column":111}},"88":{"start":{"line":146,"column":0},"end":{"line":156,"column":3}},"89":{"start":{"line":147,"column":2},"end":{"line":155,"column":5}},"90":{"start":{"line":153,"column":4},"end":{"line":153,"column":64}},"91":{"start":{"line":153,"column":13},"end":{"line":153,"column":64}},"92":{"start":{"line":154,"column":4},"end":{"line":154,"column":29}},"93":{"start":{"line":157,"column":0},"end":{"line":157,"column":24}}},"fnMap":{"0":{"name":"(anonymous_0)","decl":{"start":{"line":14,"column":25},"end":{"line":14,"column":26}},"loc":{"start":{"line":14,"column":39},"end":{"line":55,"column":1}},"line":14},"1":{"name":"(anonymous_1)","decl":{"start":{"line":18,"column":31},"end":{"line":18,"column":32}},"loc":{"start":{"line":18,"column":46},"end":{"line":54,"column":3}},"line":18},"2":{"name":"(anonymous_2)","decl":{"start":{"line":22,"column":39},"end":{"line":22,"column":40}},"loc":{"start":{"line":22,"column":60},"end":{"line":53,"column":5}},"line":22},"3":{"name":"(anonymous_3)","decl":{"start":{"line":25,"column":60},"end":{"line":25,"column":61}},"loc":{"start":{"line":25,"column":84},"end":{"line":52,"column":7}},"line":25},"4":{"name":"(anonymous_4)","decl":{"start":{"line":34,"column":91},"end":{"line":34,"column":92}},"loc":{"start":{"line":34,"column":100},"end":{"line":36,"column":9}},"line":34},"5":{"name":"(anonymous_5)","decl":{"start":{"line":58,"column":22},"end":{"line":58,"column":23}},"loc":{"start":{"line":58,"column":36},"end":{"line":86,"column":1}},"line":58},"6":{"name":"(anonymous_6)","decl":{"start":{"line":62,"column":31},"end":{"line":62,"column":32}},"loc":{"start":{"line":62,"column":46},"end":{"line":85,"column":3}},"line":62},"7":{"name":"(anonymous_7)","decl":{"start":{"line":66,"column":44},"end":{"line":66,"column":45}},"loc":{"start":{"line":66,"column":57},"end":{"line":84,"column":5}},"line":66},"8":{"name":"(anonymous_8)","decl":{"start":{"line":73,"column":112},"end":{"line":73,"column":113}},"loc":{"start":{"line":73,"column":126},"end":{"line":83,"column":7}},"line":73},"9":{"name":"(anonymous_9)","decl":{"start":{"line":78,"column":65},"end":{"line":78,"column":66}},"loc":{"start":{"line":78,"column":79},"end":{"line":82,"column":9}},"line":78},"10":{"name":"(anonymous_10)","decl":{"start":{"line":89,"column":29},"end":{"line":89,"column":30}},"loc":{"start":{"line":89,"column":43},"end":{"line":145,"column":1}},"line":89},"11":{"name":"(anonymous_11)","decl":{"start":{"line":93,"column":84},"end":{"line":93,"column":85}},"loc":{"start":{"line":93,"column":98},"end":{"line":144,"column":3}},"line":93},"12":{"name":"(anonymous_12)","decl":{"start":{"line":102,"column":73},"end":{"line":102,"column":74}},"loc":{"start":{"line":102,"column":96},"end":{"line":143,"column":5}},"line":102},"13":{"name":"(anonymous_13)","decl":{"start":{"line":107,"column":10},"end":{"line":107,"column":11}},"loc":{"start":{"line":107,"column":19},"end":{"line":107,"column":75}},"line":107},"14":{"name":"(anonymous_14)","decl":{"start":{"line":112,"column":80},"end":{"line":112,"column":81}},"loc":{"start":{"line":112,"column":95},"end":{"line":142,"column":7}},"line":112},"15":{"name":"(anonymous_15)","decl":{"start":{"line":116,"column":10},"end":{"line":116,"column":11}},"loc":{"start":{"line":116,"column":19},"end":{"line":116,"column":69}},"line":116},"16":{"name":"(anonymous_16)","decl":{"start":{"line":137,"column":19},"end":{"line":137,"column":20}},"loc":{"start":{"line":137,"column":25},"end":{"line":139,"column":9}},"line":137},"17":{"name":"(anonymous_17)","decl":{"start":{"line":146,"column":20},"end":{"line":146,"column":21}},"loc":{"start":{"line":146,"column":34},"end":{"line":156,"column":1}},"line":146},"18":{"name":"(anonymous_18)","decl":{"start":{"line":152,"column":9},"end":{"line":152,"column":10}},"loc":{"start":{"line":152,"column":24},"end":{"line":155,"column":3}},"line":152}},"branchMap":{"0":{"loc":{"start":{"line":16,"column":2},"end":{"line":16,"column":98}},"type":"if","locations":[{"start":{"line":16,"column":2},"end":{"line":16,"column":98}},{"start":{},"end":{}}],"line":16},"1":{"loc":{"start":{"line":16,"column":6},"end":{"line":16,"column":34}},"type":"binary-expr","locations":[{"start":{"line":16,"column":6},"end":{"line":16,"column":11}},{"start":{"line":16,"column":15},"end":{"line":16,"column":21}},{"start":{"line":16,"column":25},"end":{"line":16,"column":34}}],"line":16},"2":{"loc":{"start":{"line":19,"column":4},"end":{"line":19,"column":64}},"type":"if","locations":[{"start":{"line":19,"column":4},"end":{"line":19,"column":64}},{"start":{},"end":{}}],"line":19},"3":{"loc":{"start":{"line":20,"column":4},"end":{"line":20,"column":74}},"type":"if","locations":[{"start":{"line":20,"column":4},"end":{"line":20,"column":74}},{"start":{},"end":{}}],"line":20},"4":{"loc":{"start":{"line":23,"column":6},"end":{"line":23,"column":68}},"type":"if","locations":[{"start":{"line":23,"column":6},"end":{"line":23,"column":68}},{"start":{},"end":{}}],"line":23},"5":{"loc":{"start":{"line":26,"column":8},"end":{"line":26,"column":84}},"type":"if","locations":[{"start":{"line":26,"column":8},"end":{"line":26,"column":84}},{"start":{},"end":{}}],"line":26},"6":{"loc":{"start":{"line":35,"column":10},"end":{"line":35,"column":63}},"type":"if","locations":[{"start":{"line":35,"column":10},"end":{"line":35,"column":63}},{"start":{},"end":{}}],"line":35},"7":{"loc":{"start":{"line":60,"column":2},"end":{"line":60,"column":89}},"type":"if","locations":[{"start":{"line":60,"column":2},"end":{"line":60,"column":89}},{"start":{},"end":{}}],"line":60},"8":{"loc":{"start":{"line":60,"column":6},"end":{"line":60,"column":25}},"type":"binary-expr","locations":[{"start":{"line":60,"column":6},"end":{"line":60,"column":12}},{"start":{"line":60,"column":16},"end":{"line":60,"column":25}}],"line":60},"9":{"loc":{"start":{"line":63,"column":4},"end":{"line":63,"column":64}},"type":"if","locations":[{"start":{"line":63,"column":4},"end":{"line":63,"column":64}},{"start":{},"end":{}}],"line":63},"10":{"loc":{"start":{"line":64,"column":4},"end":{"line":64,"column":80}},"type":"if","locations":[{"start":{"line":64,"column":4},"end":{"line":64,"column":80}},{"start":{},"end":{}}],"line":64},"11":{"loc":{"start":{"line":67,"column":6},"end":{"line":67,"column":63}},"type":"if","locations":[{"start":{"line":67,"column":6},"end":{"line":67,"column":63}},{"start":{},"end":{}}],"line":67},"12":{"loc":{"start":{"line":68,"column":6},"end":{"line":68,"column":80}},"type":"if","locations":[{"start":{"line":68,"column":6},"end":{"line":68,"column":80}},{"start":{},"end":{}}],"line":68},"13":{"loc":{"start":{"line":74,"column":8},"end":{"line":74,"column":83}},"type":"if","locations":[{"start":{"line":74,"column":8},"end":{"line":74,"column":83}},{"start":{},"end":{}}],"line":74},"14":{"loc":{"start":{"line":79,"column":10},"end":{"line":79,"column":80}},"type":"if","locations":[{"start":{"line":79,"column":10},"end":{"line":79,"column":80}},{"start":{},"end":{}}],"line":79},"15":{"loc":{"start":{"line":91,"column":2},"end":{"line":91,"column":91}},"type":"if","locations":[{"start":{"line":91,"column":2},"end":{"line":91,"column":91}},{"start":{},"end":{}}],"line":91},"16":{"loc":{"start":{"line":91,"column":6},"end":{"line":91,"column":23}},"type":"binary-expr","locations":[{"start":{"line":91,"column":6},"end":{"line":91,"column":13}},{"start":{"line":91,"column":17},"end":{"line":91,"column":23}}],"line":91},"17":{"loc":{"start":{"line":94,"column":4},"end":{"line":94,"column":75}},"type":"if","locations":[{"start":{"line":94,"column":4},"end":{"line":94,"column":75}},{"start":{},"end":{}}],"line":94},"18":{"loc":{"start":{"line":95,"column":4},"end":{"line":95,"column":83}},"type":"if","locations":[{"start":{"line":95,"column":4},"end":{"line":95,"column":83}},{"start":{},"end":{}}],"line":95},"19":{"loc":{"start":{"line":97,"column":4},"end":{"line":100,"column":5}},"type":"if","locations":[{"start":{"line":97,"column":4},"end":{"line":100,"column":5}},{"start":{},"end":{}}],"line":97},"20":{"loc":{"start":{"line":99,"column":6},"end":{"line":99,"column":97}},"type":"if","locations":[{"start":{"line":99,"column":6},"end":{"line":99,"column":97}},{"start":{},"end":{}}],"line":99},"21":{"loc":{"start":{"line":103,"column":6},"end":{"line":103,"column":77}},"type":"if","locations":[{"start":{"line":103,"column":6},"end":{"line":103,"column":77}},{"start":{},"end":{}}],"line":103},"22":{"loc":{"start":{"line":104,"column":6},"end":{"line":110,"column":7}},"type":"if","locations":[{"start":{"line":104,"column":6},"end":{"line":110,"column":7}},{"start":{},"end":{}}],"line":104},"23":{"loc":{"start":{"line":107,"column":21},"end":{"line":107,"column":73}},"type":"if","locations":[{"start":{"line":107,"column":21},"end":{"line":107,"column":73}},{"start":{},"end":{}}],"line":107},"24":{"loc":{"start":{"line":113,"column":8},"end":{"line":113,"column":79}},"type":"if","locations":[{"start":{"line":113,"column":8},"end":{"line":113,"column":79}},{"start":{},"end":{}}],"line":113},"25":{"loc":{"start":{"line":116,"column":21},"end":{"line":116,"column":67}},"type":"if","locations":[{"start":{"line":116,"column":21},"end":{"line":116,"column":67}},{"start":{},"end":{}}],"line":116},"26":{"loc":{"start":{"line":153,"column":4},"end":{"line":153,"column":64}},"type":"if","locations":[{"start":{"line":153,"column":4},"end":{"line":153,"column":64}},{"start":{},"end":{}}],"line":153}},"s":{"0":1,"1":1,"2":1,"3":1,"4":1,"5":1,"6":1,"7":1,"8":1,"9":1,"10":7,"11":7,"12":2,"13":5,"14":5,"15":0,"16":5,"17":1,"18":4,"19":4,"20":0,"21":4,"22":4,"23":0,"24":4,"25":4,"26":4,"27":4,"28":4,"29":0,"30":4,"31":4,"32":1,"33":7,"34":7,"35":1,"36":6,"37":6,"38":0,"39":6,"40":1,"41":5,"42":5,"43":0,"44":5,"45":1,"46":4,"47":4,"48":4,"49":4,"50":0,"51":4,"52":4,"53":4,"54":0,"55":4,"56":1,"57":5,"58":5,"59":1,"60":4,"61":4,"62":0,"63":4,"64":1,"65":3,"66":3,"67":3,"68":1,"69":2,"70":2,"71":0,"72":2,"73":1,"74":1,"75":0,"76":1,"77":1,"78":1,"79":0,"80":1,"81":1,"82":0,"83":1,"84":1,"85":1,"86":0,"87":1,"88":1,"89":2,"90":2,"91":1,"92":1,"93":1},"f":{"0":7,"1":5,"2":4,"3":4,"4":4,"5":7,"6":6,"7":5,"8":4,"9":4,"10":5,"11":4,"12":2,"13":1,"14":1,"15":1,"16":0,"17":2,"18":2},"b":{"0":[2,5],"1":[7,7,6],"2":[0,5],"3":[1,4],"4":[0,4],"5":[0,4],"6":[0,4],"7":[1,6],"8":[7,7],"9":[0,6],"10":[1,5],"11":[0,5],"12":[1,4],"13":[0,4],"14":[0,4],"15":[1,4],"16":[5,5],"17":[0,4],"18":[1,3],"19":[3,0],"20":[1,2],"21":[0,2],"22":[1,1],"23":[0,1],"24":[0,1],"25":[0,1],"26":[1,1]},"_coverageSchema":"1a1c01bbd47fc00a2c39e90264f33305004495a9","hash":"4d073d6fc760677fd619a0e3ec806bfde499eb15"}
,"C:\\Brayan\\Escritorio\\Proyecto_Mantenimiento\\smartlocker-qr\\src\\routes\\lockers.js": {"path":"C:\\Brayan\\Escritorio\\Proyecto_Mantenimiento\\smartlocker-qr\\src\\routes\\lockers.js","statementMap":{"0":{"start":{"line":2,"column":16},"end":{"line":2,"column":34}},"1":{"start":{"line":3,"column":15},"end":{"line":3,"column":31}},"2":{"start":{"line":4,"column":11},"end":{"line":4,"column":27}},"3":{"start":{"line":5,"column":22},"end":{"line":5,"column":40}},"4":{"start":{"line":8,"column":0},"end":{"line":13,"column":3}},"5":{"start":{"line":9,"column":2},"end":{"line":12,"column":5}},"6":{"start":{"line":10,"column":4},"end":{"line":10,"column":64}},"7":{"start":{"line":10,"column":13},"end":{"line":10,"column":64}},"8":{"start":{"line":11,"column":4},"end":{"line":11,"column":32}},"9":{"start":{"line":16,"column":0},"end":{"line":24,"column":3}},"10":{"start":{"line":17,"column":19},"end":{"line":17,"column":27}},"11":{"start":{"line":18,"column":2},"end":{"line":18,"column":70}},"12":{"start":{"line":18,"column":13},"end":{"line":18,"column":70}},"13":{"start":{"line":20,"column":2},"end":{"line":23,"column":5}},"14":{"start":{"line":21,"column":4},"end":{"line":21,"column":81}},"15":{"start":{"line":21,"column":13},"end":{"line":21,"column":81}},"16":{"start":{"line":22,"column":4},"end":{"line":22,"column":50}},"17":{"start":{"line":27,"column":0},"end":{"line":46,"column":3}},"18":{"start":{"line":28,"column":31},"end":{"line":28,"column":39}},"19":{"start":{"line":29,"column":2},"end":{"line":29,"column":83}},"20":{"start":{"line":29,"column":28},"end":{"line":29,"column":83}},"21":{"start":{"line":31,"column":2},"end":{"line":45,"column":4}},"22":{"start":{"line":35,"column":6},"end":{"line":35,"column":66}},"23":{"start":{"line":35,"column":15},"end":{"line":35,"column":66}},"24":{"start":{"line":38,"column":6},"end":{"line":41,"column":8}},"25":{"start":{"line":43,"column":6},"end":{"line":43,"column":54}},"26":{"start":{"line":49,"column":0},"end":{"line":63,"column":3}},"27":{"start":{"line":50,"column":19},"end":{"line":50,"column":27}},"28":{"start":{"line":51,"column":2},"end":{"line":51,"column":70}},"29":{"start":{"line":51,"column":13},"end":{"line":51,"column":70}},"30":{"start":{"line":53,"column":2},"end":{"line":62,"column":4}},"31":{"start":{"line":57,"column":6},"end":{"line":58,"column":76}},"32":{"start":{"line":58,"column":8},"end":{"line":58,"column":76}},"33":{"start":{"line":60,"column":6},"end":{"line":60,"column":52}},"34":{"start":{"line":66,"column":0},"end":{"line":126,"column":3}},"35":{"start":{"line":67,"column":28},"end":{"line":67,"column":36}},"36":{"start":{"line":70,"column":2},"end":{"line":72,"column":3}},"37":{"start":{"line":71,"column":4},"end":{"line":71,"column":75}},"38":{"start":{"line":75,"column":2},"end":{"line":125,"column":5}},"39":{"start":{"line":76,"column":4},"end":{"line":76,"column":88}},"40":{"start":{"line":76,"column":13},"end":{"line":76,"column":88}},"41":{"start":{"line":77,"column":4},"end":{"line":77,"column":87}},"42":{"start":{"line":77,"column":18},"end":{"line":77,"column":87}},"43":{"start":{"line":80,"column":4},"end":{"line":124,"column":7}},"44":{"start":{"line":81,"column":6},"end":{"line":81,"column":91}},"45":{"start":{"line":81,"column":15},"end":{"line":81,"column":91}},"46":{"start":{"line":82,"column":6},"end":{"line":82,"column":95}},"47":{"start":{"line":82,"column":19},"end":{"line":82,"column":95}},"48":{"start":{"line":85,"column":6},"end":{"line":123,"column":9}},"49":{"start":{"line":86,"column":8},"end":{"line":86,"column":92}},"50":{"start":{"line":86,"column":17},"end":{"line":86,"column":92}},"51":{"start":{"line":91,"column":8},"end":{"line":106,"column":11}},"52":{"start":{"line":92,"column":10},"end":{"line":105,"column":11}},"53":{"start":{"line":93,"column":12},"end":{"line":104,"column":13}},"54":{"start":{"line":94,"column":27},"end":{"line":99,"column":52}},"55":{"start":{"line":101,"column":14},"end":{"line":101,"column":76}},"56":{"start":{"line":103,"column":14},"end":{"line":103,"column":89}},"57":{"start":{"line":109,"column":8},"end":{"line":111,"column":17}},"58":{"start":{"line":110,"column":10},"end":{"line":110,"column":88}},"59":{"start":{"line":114,"column":8},"end":{"line":115,"column":42}},"60":{"start":{"line":118,"column":8},"end":{"line":122,"column":11}},"61":{"start":{"line":129,"column":0},"end":{"line":150,"column":3}},"62":{"start":{"line":130,"column":2},"end":{"line":149,"column":4}},"63":{"start":{"line":144,"column":6},"end":{"line":145,"column":75}},"64":{"start":{"line":145,"column":8},"end":{"line":145,"column":75}},"65":{"start":{"line":147,"column":6},"end":{"line":147,"column":31}},"66":{"start":{"line":152,"column":0},"end":{"line":152,"column":24}}},"fnMap":{"0":{"name":"(anonymous_0)","decl":{"start":{"line":8,"column":16},"end":{"line":8,"column":17}},"loc":{"start":{"line":8,"column":30},"end":{"line":13,"column":1}},"line":8},"1":{"name":"(anonymous_1)","decl":{"start":{"line":9,"column":83},"end":{"line":9,"column":84}},"loc":{"start":{"line":9,"column":98},"end":{"line":12,"column":3}},"line":9},"2":{"name":"(anonymous_2)","decl":{"start":{"line":16,"column":17},"end":{"line":16,"column":18}},"loc":{"start":{"line":16,"column":31},"end":{"line":24,"column":1}},"line":16},"3":{"name":"(anonymous_3)","decl":{"start":{"line":20,"column":77},"end":{"line":20,"column":78}},"loc":{"start":{"line":20,"column":92},"end":{"line":23,"column":3}},"line":20},"4":{"name":"(anonymous_4)","decl":{"start":{"line":27,"column":23},"end":{"line":27,"column":24}},"loc":{"start":{"line":27,"column":37},"end":{"line":46,"column":1}},"line":27},"5":{"name":"(anonymous_5)","decl":{"start":{"line":34,"column":4},"end":{"line":34,"column":5}},"loc":{"start":{"line":34,"column":19},"end":{"line":44,"column":5}},"line":34},"6":{"name":"(anonymous_6)","decl":{"start":{"line":49,"column":17},"end":{"line":49,"column":18}},"loc":{"start":{"line":49,"column":31},"end":{"line":63,"column":1}},"line":49},"7":{"name":"(anonymous_7)","decl":{"start":{"line":56,"column":4},"end":{"line":56,"column":5}},"loc":{"start":{"line":56,"column":19},"end":{"line":61,"column":5}},"line":56},"8":{"name":"(anonymous_8)","decl":{"start":{"line":66,"column":29},"end":{"line":66,"column":30}},"loc":{"start":{"line":66,"column":43},"end":{"line":126,"column":1}},"line":66},"9":{"name":"(anonymous_9)","decl":{"start":{"line":75,"column":84},"end":{"line":75,"column":85}},"loc":{"start":{"line":75,"column":102},"end":{"line":125,"column":3}},"line":75},"10":{"name":"(anonymous_10)","decl":{"start":{"line":80,"column":73},"end":{"line":80,"column":74}},"loc":{"start":{"line":80,"column":90},"end":{"line":124,"column":5}},"line":80},"11":{"name":"(anonymous_11)","decl":{"start":{"line":85,"column":80},"end":{"line":85,"column":81}},"loc":{"start":{"line":85,"column":89},"end":{"line":123,"column":7}},"line":85},"12":{"name":"(anonymous_12)","decl":{"start":{"line":91,"column":71},"end":{"line":91,"column":72}},"loc":{"start":{"line":91,"column":92},"end":{"line":106,"column":9}},"line":91},"13":{"name":"(anonymous_13)","decl":{"start":{"line":109,"column":19},"end":{"line":109,"column":20}},"loc":{"start":{"line":109,"column":25},"end":{"line":111,"column":9}},"line":109},"14":{"name":"(anonymous_14)","decl":{"start":{"line":129,"column":20},"end":{"line":129,"column":21}},"loc":{"start":{"line":129,"column":34},"end":{"line":150,"column":1}},"line":129},"15":{"name":"(anonymous_15)","decl":{"start":{"line":143,"column":4},"end":{"line":143,"column":5}},"loc":{"start":{"line":143,"column":19},"end":{"line":148,"column":5}},"line":143}},"branchMap":{"0":{"loc":{"start":{"line":10,"column":4},"end":{"line":10,"column":64}},"type":"if","locations":[{"start":{"line":10,"column":4},"end":{"line":10,"column":64}},{"start":{},"end":{}}],"line":10},"1":{"loc":{"start":{"line":18,"column":2},"end":{"line":18,"column":70}},"type":"if","locations":[{"start":{"line":18,"column":2},"end":{"line":18,"column":70}},{"start":{},"end":{}}],"line":18},"2":{"loc":{"start":{"line":21,"column":4},"end":{"line":21,"column":81}},"type":"if","locations":[{"start":{"line":21,"column":4},"end":{"line":21,"column":81}},{"start":{},"end":{}}],"line":21},"3":{"loc":{"start":{"line":29,"column":2},"end":{"line":29,"column":83}},"type":"if","locations":[{"start":{"line":29,"column":2},"end":{"line":29,"column":83}},{"start":{},"end":{}}],"line":29},"4":{"loc":{"start":{"line":29,"column":6},"end":{"line":29,"column":26}},"type":"binary-expr","locations":[{"start":{"line":29,"column":6},"end":{"line":29,"column":15}},{"start":{"line":29,"column":19},"end":{"line":29,"column":26}}],"line":29},"5":{"loc":{"start":{"line":35,"column":6},"end":{"line":35,"column":66}},"type":"if","locations":[{"start":{"line":35,"column":6},"end":{"line":35,"column":66}},{"start":{},"end":{}}],"line":35},"6":{"loc":{"start":{"line":51,"column":2},"end":{"line":51,"column":70}},"type":"if","locations":[{"start":{"line":51,"column":2},"end":{"line":51,"column":70}},{"start":{},"end":{}}],"line":51},"7":{"loc":{"start":{"line":57,"column":6},"end":{"line":58,"column":76}},"type":"if","locations":[{"start":{"line":57,"column":6},"end":{"line":58,"column":76}},{"start":{},"end":{}}],"line":57},"8":{"loc":{"start":{"line":70,"column":2},"end":{"line":72,"column":3}},"type":"if","locations":[{"start":{"line":70,"column":2},"end":{"line":72,"column":3}},{"start":{},"end":{}}],"line":70},"9":{"loc":{"start":{"line":70,"column":6},"end":{"line":70,"column":23}},"type":"binary-expr","locations":[{"start":{"line":70,"column":6},"end":{"line":70,"column":13}},{"start":{"line":70,"column":17},"end":{"line":70,"column":23}}],"line":70},"10":{"loc":{"start":{"line":76,"column":4},"end":{"line":76,"column":88}},"type":"if","locations":[{"start":{"line":76,"column":4},"end":{"line":76,"column":88}},{"start":{},"end":{}}],"line":76},"11":{"loc":{"start":{"line":77,"column":4},"end":{"line":77,"column":87}},"type":"if","locations":[{"start":{"line":77,"column":4},"end":{"line":77,"column":87}},{"start":{},"end":{}}],"line":77},"12":{"loc":{"start":{"line":81,"column":6},"end":{"line":81,"column":91}},"type":"if","locations":[{"start":{"line":81,"column":6},"end":{"line":81,"column":91}},{"start":{},"end":{}}],"line":81},"13":{"loc":{"start":{"line":82,"column":6},"end":{"line":82,"column":95}},"type":"if","locations":[{"start":{"line":82,"column":6},"end":{"line":82,"column":95}},{"start":{},"end":{}}],"line":82},"14":{"loc":{"start":{"line":86,"column":8},"end":{"line":86,"column":92}},"type":"if","locations":[{"start":{"line":86,"column":8},"end":{"line":86,"column":92}},{"start":{},"end":{}}],"line":86},"15":{"loc":{"start":{"line":92,"column":10},"end":{"line":105,"column":11}},"type":"if","locations":[{"start":{"line":92,"column":10},"end":{"line":105,"column":11}},{"start":{},"end":{}}],"line":92},"16":{"loc":{"start":{"line":92,"column":14},"end":{"line":92,"column":26}},"type":"binary-expr","locations":[{"start":{"line":92,"column":14},"end":{"line":92,"column":18}},{"start":{"line":92,"column":22},"end":{"line":92,"column":26}}],"line":92},"17":{"loc":{"start":{"line":144,"column":6},"end":{"line":145,"column":75}},"type":"if","locations":[{"start":{"line":144,"column":6},"end":{"line":145,"column":75}},{"start":{},"end":{}}],"line":144}},"s":{"0":1,"1":1,"2":1,"3":1,"4":1,"5":0,"6":0,"7":0,"8":0,"9":1,"10":1,"11":1,"12":1,"13":0,"14":0,"15":0,"16":0,"17":1,"18":2,"19":2,"20":1,"21":1,"22":1,"23":0,"24":1,"25":1,"26":1,"27":0,"28":0,"29":0,"30":0,"31":0,"32":0,"33":0,"34":1,"35":4,"36":4,"37":1,"38":3,"39":3,"40":0,"41":3,"42":1,"43":2,"44":2,"45":0,"46":2,"47":1,"48":1,"49":1,"50":0,"51":1,"52":0,"53":0,"54":0,"55":0,"56":0,"57":1,"58":0,"59":1,"60":1,"61":1,"62":0,"63":0,"64":0,"65":0,"66":1},"f":{"0":0,"1":0,"2":1,"3":0,"4":2,"5":1,"6":0,"7":0,"8":4,"9":3,"10":2,"11":1,"12":0,"13":0,"14":0,"15":0},"b":{"0":[0,0],"1":[1,0],"2":[0,0],"3":[1,1],"4":[2,2],"5":[0,1],"6":[0,0],"7":[0,0],"8":[1,3],"9":[4,4],"10":[0,3],"11":[1,2],"12":[0,2],"13":[1,1],"14":[0,1],"15":[0,0],"16":[0,0],"17":[0,0]},"_coverageSchema":"1a1c01bbd47fc00a2c39e90264f33305004495a9","hash":"d4cc33450ffd26e67f788f00bf05a2c8e60f8bbc"}
,"C:\\Brayan\\Escritorio\\Proyecto_Mantenimiento\\smartlocker-qr\\src\\routes\\logs.js": {"path":"C:\\Brayan\\Escritorio\\Proyecto_Mantenimiento\\smartlocker-qr\\src\\routes\\logs.js","statementMap":{"0":{"start":{"line":2,"column":16},"end":{"line":2,"column":34}},"1":{"start":{"line":3,"column":15},"end":{"line":3,"column":31}},"2":{"start":{"line":4,"column":11},"end":{"line":4,"column":27}},"3":{"start":{"line":7,"column":0},"end":{"line":26,"column":3}},"4":{"start":{"line":8,"column":16},"end":{"line":20,"column":3}},"5":{"start":{"line":22,"column":2},"end":{"line":25,"column":5}},"6":{"start":{"line":23,"column":4},"end":{"line":23,"column":86}},"7":{"start":{"line":23,"column":13},"end":{"line":23,"column":86}},"8":{"start":{"line":24,"column":4},"end":{"line":24,"column":29}},"9":{"start":{"line":28,"column":0},"end":{"line":28,"column":24}}},"fnMap":{"0":{"name":"(anonymous_0)","decl":{"start":{"line":7,"column":16},"end":{"line":7,"column":17}},"loc":{"start":{"line":7,"column":30},"end":{"line":26,"column":1}},"line":7},"1":{"name":"(anonymous_1)","decl":{"start":{"line":22,"column":20},"end":{"line":22,"column":21}},"loc":{"start":{"line":22,"column":35},"end":{"line":25,"column":3}},"line":22}},"branchMap":{"0":{"loc":{"start":{"line":23,"column":4},"end":{"line":23,"column":86}},"type":"if","locations":[{"start":{"line":23,"column":4},"end":{"line":23,"column":86}},{"start":{},"end":{}}],"line":23}},"s":{"0":0,"1":0,"2":0,"3":0,"4":0,"5":0,"6":0,"7":0,"8":0,"9":0},"f":{"0":0,"1":0},"b":{"0":[0,0]}}
}
