TN:
SF:src\db.js
FN:6,(anonymous_0)
FN:14,(anonymous_1)
FNF:2
FNH:0
FNDA:0,(anonymous_0)
FNDA:0,(anonymous_1)
DA:2,0
DA:3,0
DA:5,0
DA:6,0
DA:7,0
DA:8,0
DA:10,0
DA:14,0
DA:16,0
DA:25,0
DA:33,0
DA:41,0
DA:48,0
DA:60,0
LF:14
LH:0
BRDA:7,0,0,0
BRDA:7,0,1,0
BRF:2
BRH:0
end_of_record
TN:
SF:src\models\userModel.js
FN:5,(anonymous_0)
FN:7,(anonymous_1)
FN:13,(anonymous_2)
FN:17,(anonymous_3)
FNF:4
FNH:4
FNDA:11,(anonymous_0)
FNDA:11,(anonymous_1)
FNDA:15,(anonymous_2)
FNDA:3,(anonymous_3)
DA:2,2
DA:4,2
DA:6,11
DA:7,11
DA:8,11
DA:9,10
DA:14,15
DA:18,3
LF:8
LH:8
BRDA:8,0,0,1
BRDA:8,0,1,10
BRF:2
BRH:2
end_of_record
TN:
SF:src\routes\auth.js
FN:14,(anonymous_0)
FN:18,(anonymous_1)
FN:22,(anonymous_2)
FN:25,(anonymous_3)
FN:34,(anonymous_4)
FN:58,(anonymous_5)
FN:62,(anonymous_6)
FN:66,(anonymous_7)
FN:73,(anonymous_8)
FN:78,(anonymous_9)
FN:89,(anonymous_10)
FN:93,(anonymous_11)
FN:102,(anonymous_12)
FN:107,(anonymous_13)
FN:112,(anonymous_14)
FN:116,(anonymous_15)
FN:137,(anonymous_16)
FN:146,(anonymous_17)
FN:152,(anonymous_18)
FNF:19
FNH:18
FNDA:7,(anonymous_0)
FNDA:5,(anonymous_1)
FNDA:4,(anonymous_2)
FNDA:4,(anonymous_3)
FNDA:4,(anonymous_4)
FNDA:7,(anonymous_5)
FNDA:6,(anonymous_6)
FNDA:5,(anonymous_7)
FNDA:4,(anonymous_8)
FNDA:4,(anonymous_9)
FNDA:5,(anonymous_10)
FNDA:4,(anonymous_11)
FNDA:2,(anonymous_12)
FNDA:1,(anonymous_13)
FNDA:1,(anonymous_14)
FNDA:1,(anonymous_15)
FNDA:0,(anonymous_16)
FNDA:2,(anonymous_17)
FNDA:2,(anonymous_18)
DA:2,1
DA:3,1
DA:4,1
DA:5,1
DA:6,1
DA:7,1
DA:8,1
DA:9,1
DA:11,1
DA:14,1
DA:15,7
DA:16,7
DA:18,5
DA:19,5
DA:20,5
DA:22,4
DA:23,4
DA:25,4
DA:26,4
DA:29,4
DA:30,4
DA:31,4
DA:34,4
DA:35,4
DA:39,4
DA:51,4
DA:58,1
DA:59,7
DA:60,7
DA:62,6
DA:63,6
DA:64,6
DA:66,5
DA:67,5
DA:68,5
DA:70,4
DA:71,4
DA:73,4
DA:74,4
DA:76,4
DA:78,4
DA:79,4
DA:81,4
DA:89,1
DA:90,5
DA:91,5
DA:93,4
DA:94,4
DA:95,4
DA:97,3
DA:98,3
DA:99,3
DA:102,2
DA:103,2
DA:104,2
DA:105,1
DA:107,1
DA:109,1
DA:112,1
DA:113,1
DA:114,1
DA:116,1
DA:121,1
DA:126,1
DA:137,1
DA:138,0
DA:141,1
DA:146,1
DA:147,2
DA:153,2
DA:154,1
DA:157,1
LF:72
LH:71
BRDA:16,0,0,2
BRDA:16,0,1,5
BRDA:16,1,0,7
BRDA:16,1,1,7
BRDA:16,1,2,6
BRDA:19,2,0,0
BRDA:19,2,1,5
BRDA:20,3,0,1
BRDA:20,3,1,4
BRDA:23,4,0,0
BRDA:23,4,1,4
BRDA:26,5,0,0
BRDA:26,5,1,4
BRDA:35,6,0,0
BRDA:35,6,1,4
BRDA:60,7,0,1
BRDA:60,7,1,6
BRDA:60,8,0,7
BRDA:60,8,1,7
BRDA:63,9,0,0
BRDA:63,9,1,6
BRDA:64,10,0,1
BRDA:64,10,1,5
BRDA:67,11,0,0
BRDA:67,11,1,5
BRDA:68,12,0,1
BRDA:68,12,1,4
BRDA:74,13,0,0
BRDA:74,13,1,4
BRDA:79,14,0,0
BRDA:79,14,1,4
BRDA:91,15,0,1
BRDA:91,15,1,4
BRDA:91,16,0,5
BRDA:91,16,1,5
BRDA:94,17,0,0
BRDA:94,17,1,4
BRDA:95,18,0,1
BRDA:95,18,1,3
BRDA:97,19,0,3
BRDA:97,19,1,0
BRDA:99,20,0,1
BRDA:99,20,1,2
BRDA:103,21,0,0
BRDA:103,21,1,2
BRDA:104,22,0,1
BRDA:104,22,1,1
BRDA:107,23,0,0
BRDA:107,23,1,1
BRDA:113,24,0,0
BRDA:113,24,1,1
BRDA:116,25,0,0
BRDA:116,25,1,1
BRDA:153,26,0,1
BRDA:153,26,1,1
BRF:55
BRH:41
end_of_record
TN:
SF:src\routes\lockers.js
FN:8,(anonymous_0)
FN:9,(anonymous_1)
FN:16,(anonymous_2)
FN:20,(anonymous_3)
FN:27,(anonymous_4)
FN:34,(anonymous_5)
FN:49,(anonymous_6)
FN:56,(anonymous_7)
FN:66,(anonymous_8)
FN:75,(anonymous_9)
FN:80,(anonymous_10)
FN:85,(anonymous_11)
FN:91,(anonymous_12)
FN:109,(anonymous_13)
FN:129,(anonymous_14)
FN:143,(anonymous_15)
FNF:16
FNH:7
FNDA:0,(anonymous_0)
FNDA:0,(anonymous_1)
FNDA:1,(anonymous_2)
FNDA:0,(anonymous_3)
FNDA:2,(anonymous_4)
FNDA:1,(anonymous_5)
FNDA:0,(anonymous_6)
FNDA:0,(anonymous_7)
FNDA:4,(anonymous_8)
FNDA:3,(anonymous_9)
FNDA:2,(anonymous_10)
FNDA:1,(anonymous_11)
FNDA:0,(anonymous_12)
FNDA:0,(anonymous_13)
FNDA:0,(anonymous_14)
FNDA:0,(anonymous_15)
DA:2,1
DA:3,1
DA:4,1
DA:5,1
DA:8,1
DA:9,0
DA:10,0
DA:11,0
DA:16,1
DA:17,1
DA:18,1
DA:20,0
DA:21,0
DA:22,0
DA:27,1
DA:28,2
DA:29,2
DA:31,1
DA:35,1
DA:38,1
DA:43,1
DA:49,1
DA:50,0
DA:51,0
DA:53,0
DA:57,0
DA:58,0
DA:60,0
DA:66,1
DA:67,4
DA:70,4
DA:71,1
DA:75,3
DA:76,3
DA:77,3
DA:80,2
DA:81,2
DA:82,2
DA:85,1
DA:86,1
DA:91,1
DA:92,0
DA:93,0
DA:94,0
DA:101,0
DA:103,0
DA:109,1
DA:110,0
DA:114,1
DA:118,1
DA:129,1
DA:130,0
DA:144,0
DA:145,0
DA:147,0
DA:152,1
LF:56
LH:34
BRDA:10,0,0,0
BRDA:10,0,1,0
BRDA:18,1,0,1
BRDA:18,1,1,0
BRDA:21,2,0,0
BRDA:21,2,1,0
BRDA:29,3,0,1
BRDA:29,3,1,1
BRDA:29,4,0,2
BRDA:29,4,1,2
BRDA:35,5,0,0
BRDA:35,5,1,1
BRDA:51,6,0,0
BRDA:51,6,1,0
BRDA:57,7,0,0
BRDA:57,7,1,0
BRDA:70,8,0,1
BRDA:70,8,1,3
BRDA:70,9,0,4
BRDA:70,9,1,4
BRDA:76,10,0,0
BRDA:76,10,1,3
BRDA:77,11,0,1
BRDA:77,11,1,2
BRDA:81,12,0,0
BRDA:81,12,1,2
BRDA:82,13,0,1
BRDA:82,13,1,1
BRDA:86,14,0,0
BRDA:86,14,1,1
BRDA:92,15,0,0
BRDA:92,15,1,0
BRDA:92,16,0,0
BRDA:92,16,1,0
BRDA:144,17,0,0
BRDA:144,17,1,0
BRF:36
BRH:17
end_of_record
TN:
SF:src\routes\logs.js
FN:7,(anonymous_0)
FN:22,(anonymous_1)
FNF:2
FNH:0
FNDA:0,(anonymous_0)
FNDA:0,(anonymous_1)
DA:2,0
DA:3,0
DA:4,0
DA:7,0
DA:8,0
DA:22,0
DA:23,0
DA:24,0
DA:28,0
LF:9
LH:0
BRDA:23,0,0,0
BRDA:23,0,1,0
BRF:2
BRH:0
end_of_record
